<?xml version="1.0" encoding="UTF-8"?>
<testsuite xmlns:xsi="http://www.w3.org/2001/XMLSchema-instance" xsi:noNamespaceSchemaLocation="https://maven.apache.org/surefire/maven-surefire-plugin/xsd/surefire-test-report.xsd" name="com.alibaba.csp.sentinel.adapter.gateway.sc.SpringCloudGatewayParamParserTest" time="0.57" tests="2" errors="0" skipped="0" failures="0">
  <properties>
[...]
</properties>
  <testcase name="testParseParametersWithItems" classname="com.alibaba.csp.sentinel.adapter.gateway.sc.SpringCloudGatewayParamParserTest" time="0.561"/>
  <testcase name="testParseParametersNoParamItem" classname="com.alibaba.csp.sentinel.adapter.gateway.sc.SpringCloudGatewayParamParserTest" time="0.008"/>
</testsuite>