<?xml version="1.0" encoding="UTF-8"?>
<testsuite xmlns:xsi="http://www.w3.org/2001/XMLSchema-instance" xsi:noNamespaceSchemaLocation="https://maven.apache.org/surefire/maven-surefire-plugin/xsd/surefire-test-report.xsd" name="com.alibaba.csp.sentinel.adapter.jaxrs.ClientFilterTest" time="14.602" tests="11" errors="0" skipped="0" failures="0">
  <properties>
[...]
</properties>
  <testcase name="testFutureGetTimeout" classname="com.alibaba.csp.sentinel.adapter.jaxrs.ClientFilterTest" time="1.148"/>
  <testcase name="testCancelFuture" classname="com.alibaba.csp.sentinel.adapter.jaxrs.ClientFilterTest" time="0.002"/>
  <testcase name="testClientFallback" classname="com.alibaba.csp.sentinel.adapter.jaxrs.ClientFilterTest" time="0.074"/>
  <testcase name="testCustomResourceName" classname="com.alibaba.csp.sentinel.adapter.jaxrs.ClientFilterTest" time="0.1"/>
  <testcase name="testServerReturn400" classname="com.alibaba.csp.sentinel.adapter.jaxrs.ClientFilterTest" time="0.023"/>
  <testcase name="testServerReturn500" classname="com.alibaba.csp.sentinel.adapter.jaxrs.ClientFilterTest" time="0.008"/>
  <testcase name="testFutureGetServerTimeout" classname="com.alibaba.csp.sentinel.adapter.jaxrs.ClientFilterTest" time="3.004"/>
  <testcase name="testClientGetHello" classname="com.alibaba.csp.sentinel.adapter.jaxrs.ClientFilterTest" time="0.009"/>
  <testcase name="testClientAsyncGetHello" classname="com.alibaba.csp.sentinel.adapter.jaxrs.ClientFilterTest" time="0.118"/>
  <testcase name="testServerTimeout" classname="com.alibaba.csp.sentinel.adapter.jaxrs.ClientFilterTest" time="3.002"/>
  <testcase name="testClientCustomFallback" classname="com.alibaba.csp.sentinel.adapter.jaxrs.ClientFilterTest" time="0.004"/>
</testsuite>