<?xml version="1.0" encoding="UTF-8"?>
<testsuite xmlns:xsi="http://www.w3.org/2001/XMLSchema-instance" xsi:noNamespaceSchemaLocation="https://maven.apache.org/surefire/maven-surefire-plugin/xsd/surefire-test-report.xsd" name="com.alibaba.csp.sentinel.datasource.redis.SentinelModeRedisDataSourceTest" time="0" tests="1" errors="0" skipped="1" failures="0">
  <properties>
[...]
</properties>
  <testcase name="com.alibaba.csp.sentinel.datasource.redis.SentinelModeRedisDataSourceTest" classname="com.alibaba.csp.sentinel.datasource.redis.SentinelModeRedisDataSourceTest" time="0">
    <skipped message="Before run this test, you need to set up your Redis Sentinel."/>
  </testcase>
</testsuite>