<?xml version="1.0" encoding="UTF-8"?>
<testsuite xmlns:xsi="http://www.w3.org/2001/XMLSchema-instance" xsi:noNamespaceSchemaLocation="https://maven.apache.org/surefire/maven-surefire-plugin/xsd/surefire-test-report.xsd" name="com.alibaba.csp.sentinel.adapter.gateway.zuul2.fallback.ZuulBlockFallbackManagerTest" time="0.085" tests="2" errors="0" skipped="0" failures="0">
  <properties>
[...]
</properties>
  <testcase name="clear" classname="com.alibaba.csp.sentinel.adapter.gateway.zuul2.fallback.ZuulBlockFallbackManagerTest" time="0.003"/>
  <testcase name="testRegisterProvider" classname="com.alibaba.csp.sentinel.adapter.gateway.zuul2.fallback.ZuulBlockFallbackManagerTest" time="0.002"/>
</testsuite>