<?xml version="1.0" encoding="UTF-8"?>
<testsuite xmlns:xsi="http://www.w3.org/2001/XMLSchema-instance" xsi:noNamespaceSchemaLocation="https://maven.apache.org/surefire/maven-surefire-plugin/xsd/surefire-test-report.xsd" name="com.alibaba.csp.sentinel.adapter.okhttp.SentinelOkHttpInterceptorTest" time="5.108" tests="2" errors="0" skipped="0" failures="0">
  <properties>
[...]
</properties>
  <testcase name="testSentinelOkHttpInterceptor0" classname="com.alibaba.csp.sentinel.adapter.okhttp.SentinelOkHttpInterceptorTest" time="0.5"/>
  <testcase name="testSentinelOkHttpInterceptor1" classname="com.alibaba.csp.sentinel.adapter.okhttp.SentinelOkHttpInterceptorTest" time="0.027"/>
</testsuite>